This is pdfTeX, Version 3.141592653-2.6-1.40.22 (TeX Live 2022/dev/Debian) (preloaded format=pdflatex 2022.9.19)  9 FEB 2023 14:16
entering extended mode
 restricted \write18 enabled.
 %&-line parsing enabled.
**digital.tex
(./digital.tex
LaTeX2e <2021-11-15> patch level 1
L3 programming layer <2022-01-21>
(/usr/share/texlive/texmf-dist/tex/latex/base/book.cls
Document Class: book 2021/10/04 v1.4n Standard LaTeX document class
(/usr/share/texlive/texmf-dist/tex/latex/base/bk12.clo
File: bk12.clo 2021/10/04 v1.4n Standard LaTeX file (size option)
)
\c@part=\count185
\c@chapter=\count186
\c@section=\count187
\c@subsection=\count188
\c@subsubsection=\count189
\c@paragraph=\count190
\c@subparagraph=\count191
\c@figure=\count192
\c@table=\count193
\abovecaptionskip=\skip47
\belowcaptionskip=\skip48
\bibindent=\dimen138
)
(/usr/share/texlive/texmf-dist/tex/latex/graphics/graphicx.sty
Package: graphicx 2021/09/16 v1.2d Enhanced LaTeX Graphics (DPC,SPQR)

(/usr/share/texlive/texmf-dist/tex/latex/graphics/keyval.sty
Package: keyval 2014/10/28 v1.15 key=value parser (DPC)
\KV@toks@=\toks16
)
(/usr/share/texlive/texmf-dist/tex/latex/graphics/graphics.sty
Package: graphics 2021/03/04 v1.4d Standard LaTeX Graphics (DPC,SPQR)

(/usr/share/texlive/texmf-dist/tex/latex/graphics/trig.sty
Package: trig 2021/08/11 v1.11 sin cos tan (DPC)
)
(/usr/share/texlive/texmf-dist/tex/latex/graphics-cfg/graphics.cfg
File: graphics.cfg 2016/06/04 v1.11 sample graphics configuration
)
Package graphics Info: Driver file: pdftex.def on input line 107.

(/usr/share/texlive/texmf-dist/tex/latex/graphics-def/pdftex.def
File: pdftex.def 2020/10/05 v1.2a Graphics/color driver for pdftex
))
\Gin@req@height=\dimen139
\Gin@req@width=\dimen140
)
(/usr/share/texlive/texmf-dist/tex/latex/geometry/geometry.sty
Package: geometry 2020/01/02 v5.9 Page Geometry

(/usr/share/texlive/texmf-dist/tex/generic/iftex/ifvtex.sty
Package: ifvtex 2019/10/25 v1.7 ifvtex legacy package. Use iftex instead.

(/usr/share/texlive/texmf-dist/tex/generic/iftex/iftex.sty
Package: iftex 2020/03/06 v1.0d TeX engine tests
))
\Gm@cnth=\count194
\Gm@cntv=\count195
\c@Gm@tempcnt=\count196
\Gm@bindingoffset=\dimen141
\Gm@wd@mp=\dimen142
\Gm@odd@mp=\dimen143
\Gm@even@mp=\dimen144
\Gm@layoutwidth=\dimen145
\Gm@layoutheight=\dimen146
\Gm@layouthoffset=\dimen147
\Gm@layoutvoffset=\dimen148
\Gm@dimlist=\toks17
)
(/usr/share/texlive/texmf-dist/tex/latex/hyperref/hyperref.sty
Package: hyperref 2021-06-07 v7.00m Hypertext links for LaTeX

(/usr/share/texlive/texmf-dist/tex/generic/ltxcmds/ltxcmds.sty
Package: ltxcmds 2020-05-10 v1.25 LaTeX kernel commands for general use (HO)
)
(/usr/share/texlive/texmf-dist/tex/generic/pdftexcmds/pdftexcmds.sty
Package: pdftexcmds 2020-06-27 v0.33 Utility functions of pdfTeX for LuaTeX (HO
)

(/usr/share/texlive/texmf-dist/tex/generic/infwarerr/infwarerr.sty
Package: infwarerr 2019/12/03 v1.5 Providing info/warning/error messages (HO)
)
Package pdftexcmds Info: \pdf@primitive is available.
Package pdftexcmds Info: \pdf@ifprimitive is available.
Package pdftexcmds Info: \pdfdraftmode found.
)
(/usr/share/texlive/texmf-dist/tex/generic/kvsetkeys/kvsetkeys.sty
Package: kvsetkeys 2019/12/15 v1.18 Key value parser (HO)
)
(/usr/share/texlive/texmf-dist/tex/generic/kvdefinekeys/kvdefinekeys.sty
Package: kvdefinekeys 2019-12-19 v1.6 Define keys (HO)
)
(/usr/share/texlive/texmf-dist/tex/generic/pdfescape/pdfescape.sty
Package: pdfescape 2019/12/09 v1.15 Implements pdfTeX's escape features (HO)
)
(/usr/share/texlive/texmf-dist/tex/latex/hycolor/hycolor.sty
Package: hycolor 2020-01-27 v1.10 Color options for hyperref/bookmark (HO)
)
(/usr/share/texlive/texmf-dist/tex/latex/letltxmacro/letltxmacro.sty
Package: letltxmacro 2019/12/03 v1.6 Let assignment for LaTeX macros (HO)
)
(/usr/share/texlive/texmf-dist/tex/latex/auxhook/auxhook.sty
Package: auxhook 2019-12-17 v1.6 Hooks for auxiliary files (HO)
)
(/usr/share/texlive/texmf-dist/tex/latex/kvoptions/kvoptions.sty
Package: kvoptions 2020-10-07 v3.14 Key value format for package options (HO)
)
\@linkdim=\dimen149
\Hy@linkcounter=\count197
\Hy@pagecounter=\count198

(/usr/share/texlive/texmf-dist/tex/latex/hyperref/pd1enc.def
File: pd1enc.def 2021-06-07 v7.00m Hyperref: PDFDocEncoding definition (HO)
Now handling font encoding PD1 ...
... no UTF-8 mapping file for font encoding PD1
)
(/usr/share/texlive/texmf-dist/tex/latex/hyperref/hyperref-langpatches.def
File: hyperref-langpatches.def 2021-06-07 v7.00m Hyperref: patches for babel la
nguages
)
(/usr/share/texlive/texmf-dist/tex/generic/intcalc/intcalc.sty
Package: intcalc 2019/12/15 v1.3 Expandable calculations with integers (HO)
)
(/usr/share/texlive/texmf-dist/tex/generic/etexcmds/etexcmds.sty
Package: etexcmds 2019/12/15 v1.7 Avoid name clashes with e-TeX commands (HO)
)
\Hy@SavedSpaceFactor=\count199

(/usr/share/texlive/texmf-dist/tex/latex/hyperref/puenc.def
File: puenc.def 2021-06-07 v7.00m Hyperref: PDF Unicode definition (HO)
Now handling font encoding PU ...
... no UTF-8 mapping file for font encoding PU
)
Package hyperref Info: Option `colorlinks' set `true' on input line 4073.
Package hyperref Info: Hyper figures OFF on input line 4192.
Package hyperref Info: Link nesting OFF on input line 4197.
Package hyperref Info: Hyper index ON on input line 4200.
Package hyperref Info: Plain pages OFF on input line 4207.
Package hyperref Info: Backreferencing OFF on input line 4212.
Package hyperref Info: Implicit mode ON; LaTeX internals redefined.
Package hyperref Info: Bookmarks ON on input line 4445.
\c@Hy@tempcnt=\count266

(/usr/share/texlive/texmf-dist/tex/latex/url/url.sty
\Urlmuskip=\muskip16
Package: url 2013/09/16  ver 3.4  Verb mode for urls, etc.
)
LaTeX Info: Redefining \url on input line 4804.
\XeTeXLinkMargin=\dimen150

(/usr/share/texlive/texmf-dist/tex/generic/bitset/bitset.sty
Package: bitset 2019/12/09 v1.3 Handle bit-vector datatype (HO)

(/usr/share/texlive/texmf-dist/tex/generic/bigintcalc/bigintcalc.sty
Package: bigintcalc 2019/12/15 v1.5 Expandable calculations on big integers (HO
)
))
\Fld@menulength=\count267
\Field@Width=\dimen151
\Fld@charsize=\dimen152
Package hyperref Info: Hyper figures OFF on input line 6076.
Package hyperref Info: Link nesting OFF on input line 6081.
Package hyperref Info: Hyper index ON on input line 6084.
Package hyperref Info: backreferencing OFF on input line 6091.
Package hyperref Info: Link coloring ON on input line 6094.
Package hyperref Info: Link coloring with OCG OFF on input line 6101.
Package hyperref Info: PDF/A mode OFF on input line 6106.
LaTeX Info: Redefining \ref on input line 6146.
LaTeX Info: Redefining \pageref on input line 6150.

(/usr/share/texlive/texmf-dist/tex/latex/base/atbegshi-ltx.sty
Package: atbegshi-ltx 2021/01/10 v1.0c Emulation of the original atbegshi
package with kernel methods
)
\Hy@abspage=\count268
\c@Item=\count269
\c@Hfootnote=\count270
)
Package hyperref Info: Driver (autodetected): hpdftex.

(/usr/share/texlive/texmf-dist/tex/latex/hyperref/hpdftex.def
File: hpdftex.def 2021-06-07 v7.00m Hyperref driver for pdfTeX

(/usr/share/texlive/texmf-dist/tex/latex/base/atveryend-ltx.sty
Package: atveryend-ltx 2020/08/19 v1.0a Emulation of the original atveryend pac
kage
with kernel methods
)
\Fld@listcount=\count271
\c@bookmark@seq@number=\count272

(/usr/share/texlive/texmf-dist/tex/latex/rerunfilecheck/rerunfilecheck.sty
Package: rerunfilecheck 2019/12/05 v1.9 Rerun checks for auxiliary files (HO)

(/usr/share/texlive/texmf-dist/tex/generic/uniquecounter/uniquecounter.sty
Package: uniquecounter 2019/12/15 v1.4 Provide unlimited unique counter (HO)
)
Package uniquecounter Info: New unique counter `rerunfilecheck' on input line 2
86.
)
\Hy@SectionHShift=\skip49
)
(/usr/share/texlive/texmf-dist/tex/latex/amsmath/amsmath.sty
Package: amsmath 2021/10/15 v2.17l AMS math features
\@mathmargin=\skip50

For additional information on amsmath, use the `?' option.
(/usr/share/texlive/texmf-dist/tex/latex/amsmath/amstext.sty
Package: amstext 2021/08/26 v2.01 AMS text

(/usr/share/texlive/texmf-dist/tex/latex/amsmath/amsgen.sty
File: amsgen.sty 1999/11/30 v2.0 generic functions
\@emptytoks=\toks18
\ex@=\dimen153
))
(/usr/share/texlive/texmf-dist/tex/latex/amsmath/amsbsy.sty
Package: amsbsy 1999/11/29 v1.2d Bold Symbols
\pmbraise@=\dimen154
)
(/usr/share/texlive/texmf-dist/tex/latex/amsmath/amsopn.sty
Package: amsopn 2021/08/26 v2.02 operator names
)
\inf@bad=\count273
LaTeX Info: Redefining \frac on input line 234.
\uproot@=\count274
\leftroot@=\count275
LaTeX Info: Redefining \overline on input line 399.
\classnum@=\count276
\DOTSCASE@=\count277
LaTeX Info: Redefining \ldots on input line 496.
LaTeX Info: Redefining \dots on input line 499.
LaTeX Info: Redefining \cdots on input line 620.
\Mathstrutbox@=\box50
\strutbox@=\box51
\big@size=\dimen155
LaTeX Font Info:    Redeclaring font encoding OML on input line 743.
LaTeX Font Info:    Redeclaring font encoding OMS on input line 744.
\macc@depth=\count278
\c@MaxMatrixCols=\count279
\dotsspace@=\muskip17
\c@parentequation=\count280
\dspbrk@lvl=\count281
\tag@help=\toks19
\row@=\count282
\column@=\count283
\maxfields@=\count284
\andhelp@=\toks20
\eqnshift@=\dimen156
\alignsep@=\dimen157
\tagshift@=\dimen158
\tagwidth@=\dimen159
\totwidth@=\dimen160
\lineht@=\dimen161
\@envbody=\toks21
\multlinegap=\skip51
\multlinetaggap=\skip52
\mathdisplay@stack=\toks22
LaTeX Info: Redefining \[ on input line 2938.
LaTeX Info: Redefining \] on input line 2939.
)
(/usr/share/texlive/texmf-dist/tex/latex/amsfonts/amssymb.sty
Package: amssymb 2013/01/14 v3.01 AMS font symbols

(/usr/share/texlive/texmf-dist/tex/latex/amsfonts/amsfonts.sty
Package: amsfonts 2013/01/14 v3.01 Basic AMSFonts support
\symAMSa=\mathgroup4
\symAMSb=\mathgroup5
LaTeX Font Info:    Redeclaring math symbol \hbar on input line 98.
LaTeX Font Info:    Overwriting math alphabet `\mathfrak' in version `bold'
(Font)                  U/euf/m/n --> U/euf/b/n on input line 106.
))
(/usr/share/texlive/texmf-dist/tex/latex/tools/array.sty
Package: array 2021/10/04 v2.5f Tabular extension package (FMi)
\col@sep=\dimen162
\ar@mcellbox=\box52
\extrarowheight=\dimen163
\NC@list=\toks23
\extratabsurround=\skip53
\backup@length=\skip54
\ar@cellbox=\box53
)
(/usr/share/texlive/texmf-dist/tex/latex/booktabs/booktabs.sty
Package: booktabs 2020/01/12 v1.61803398 Publication quality tables
\heavyrulewidth=\dimen164
\lightrulewidth=\dimen165
\cmidrulewidth=\dimen166
\belowrulesep=\dimen167
\belowbottomsep=\dimen168
\aboverulesep=\dimen169
\abovetopsep=\dimen170
\cmidrulesep=\dimen171
\cmidrulekern=\dimen172
\defaultaddspace=\dimen173
\@cmidla=\count285
\@cmidlb=\count286
\@aboverulesep=\dimen174
\@belowrulesep=\dimen175
\@thisruleclass=\count287
\@lastruleclass=\count288
\@thisrulewidth=\dimen176
)
(/usr/share/texlive/texmf-dist/tex/latex/mathtools/mathtools.sty
Package: mathtools 2021/02/02 v1.28 mathematical typesetting tools

(/usr/share/texlive/texmf-dist/tex/latex/tools/calc.sty
Package: calc 2017/05/25 v4.3 Infix arithmetic (KKT,FJ)
\calc@Acount=\count289
\calc@Bcount=\count290
\calc@Adimen=\dimen177
\calc@Bdimen=\dimen178
\calc@Askip=\skip55
\calc@Bskip=\skip56
LaTeX Info: Redefining \setlength on input line 80.
LaTeX Info: Redefining \addtolength on input line 81.
\calc@Ccount=\count291
\calc@Cskip=\skip57
)
(/usr/share/texlive/texmf-dist/tex/latex/mathtools/mhsetup.sty
Package: mhsetup 2021/03/18 v1.4 programming setup (MH)
)
\g_MT_multlinerow_int=\count292
\l_MT_multwidth_dim=\dimen179
\origjot=\skip58
\l_MT_shortvdotswithinadjustabove_dim=\dimen180
\l_MT_shortvdotswithinadjustbelow_dim=\dimen181
\l_MT_above_intertext_sep=\dimen182
\l_MT_below_intertext_sep=\dimen183
\l_MT_above_shortintertext_sep=\dimen184
\l_MT_below_shortintertext_sep=\dimen185
\xmathstrut@box=\box54
\xmathstrut@dim=\dimen186
)
(/usr/share/texlive/texmf-dist/tex/generic/dirtree/dirtree.sty
Package: dirtree 2012/12/11 v0.32 package wrapper for dirtree

(/usr/share/texlive/texmf-dist/tex/generic/dirtree/dirtree.tex
`dirtree' v0.32, 2012/12/11 (jcc)
\DT@offset=\dimen187
\DT@width=\dimen188
\DT@sep=\dimen189
\DT@all=\dimen190
\DT@rulewidth=\dimen191
\DT@dotwidth=\dimen192
\DTbaselineskip=\dimen193
\DT@counti=\count293
\DT@countii=\count294
\DT@countiii=\count295
\DT@countiv=\count296
\DT@indent=\dimen194
\DT@parskip=\dimen195
\DT@baselineskip=\dimen196
)
File: dirtree.tex 2012/12/11 v0.32 `dirtree' (jcc)
)
(/usr/share/texlive/texmf-dist/tex/latex/xcolor/xcolor.sty
Package: xcolor 2021/10/31 v2.13 LaTeX color extensions (UK)

(/usr/share/texlive/texmf-dist/tex/latex/graphics-cfg/color.cfg
File: color.cfg 2016/01/02 v1.6 sample color configuration
)
Package xcolor Info: Driver file: pdftex.def on input line 227.
Package xcolor Info: Model `cmy' substituted by `cmy0' on input line 1352.
Package xcolor Info: Model `hsb' substituted by `rgb' on input line 1356.
Package xcolor Info: Model `RGB' extended on input line 1368.
Package xcolor Info: Model `HTML' substituted by `rgb' on input line 1370.
Package xcolor Info: Model `Hsb' substituted by `hsb' on input line 1371.
Package xcolor Info: Model `tHsb' substituted by `hsb' on input line 1372.
Package xcolor Info: Model `HSB' substituted by `hsb' on input line 1373.
Package xcolor Info: Model `Gray' substituted by `gray' on input line 1374.
Package xcolor Info: Model `wave' substituted by `hsb' on input line 1375.
)
(/usr/share/texlive/texmf-dist/tex/latex/float/float.sty
Package: float 2001/11/08 v1.3d Float enhancements (AL)
\c@float@type=\count297
\float@exts=\toks24
\float@box=\box55
\@float@everytoks=\toks25
\@floatcapt=\box56
)
(/usr/share/texlive/texmf-dist/tex/latex/caption/caption.sty
Package: caption 2020/10/26 v3.5g Customizing captions (AR)

(/usr/share/texlive/texmf-dist/tex/latex/caption/caption3.sty
Package: caption3 2020/10/21 v2.2e caption3 kernel (AR)
\captionmargin=\dimen197
\captionmargin@=\dimen198
\captionwidth=\dimen199
\caption@tempdima=\dimen256
\caption@indent=\dimen257
\caption@parindent=\dimen258
\caption@hangindent=\dimen259
Package caption Info: Standard document class detected.
)
\c@caption@flags=\count298
\c@continuedfloat=\count299
Package caption Info: float package is loaded.
Package caption Info: hyperref package is loaded.
)
(/usr/share/texlive/texmf-dist/tex/latex/enumitem/enumitem.sty
Package: enumitem 2019/06/20 v3.9 Customized lists
\labelindent=\skip59
\enit@outerparindent=\dimen260
\enit@toks=\toks26
\enit@inbox=\box57
\enit@count@id=\count300
\enitdp@description=\count301
)
(/usr/share/texlive/texmf-dist/tex/latex/listings/listings.sty
\lst@mode=\count302
\lst@gtempboxa=\box58
\lst@token=\toks27
\lst@length=\count303
\lst@currlwidth=\dimen261
\lst@column=\count304
\lst@pos=\count305
\lst@lostspace=\dimen262
\lst@width=\dimen263
\lst@newlines=\count306
\lst@lineno=\count307
\lst@maxwidth=\dimen264

(/usr/share/texlive/texmf-dist/tex/latex/listings/lstmisc.sty
File: lstmisc.sty 2020/03/24 1.8d (Carsten Heinz)
\c@lstnumber=\count308
\lst@skipnumbers=\count309
\lst@framebox=\box59
)
(/usr/share/texlive/texmf-dist/tex/latex/listings/listings.cfg
File: listings.cfg 2020/03/24 1.8d listings configuration
))
Package: listings 2020/03/24 1.8d (Carsten Heinz)

(/usr/share/texlive/texmf-dist/tex/latex/fancyhdr/fancyhdr.sty
Package: fancyhdr 2021/01/28 v4.0.1 Extensive control of page headers and foote
rs
\f@nch@headwidth=\skip60
\f@nch@O@elh=\skip61
\f@nch@O@erh=\skip62
\f@nch@O@olh=\skip63
\f@nch@O@orh=\skip64
\f@nch@O@elf=\skip65
\f@nch@O@erf=\skip66
\f@nch@O@olf=\skip67
\f@nch@O@orf=\skip68
)
(/usr/share/texlive/texmf-dist/tex/latex/sectsty/sectsty.sty
Package: sectsty 2002/02/25 v2.0.2 Commands to change all sectional heading sty
les


LaTeX Warning: Command \underbar  has changed.
               Check if current package is valid.


LaTeX Warning: Command \underline  has changed.
               Check if current package is valid.

)
\c@Chapcounter=\count310
 (/usr/share/texlive/texmf-dist/tex/latex/l3backend/l3backend-pdftex.def
File: l3backend-pdftex.def 2022-01-12 L3 backend support: PDF output (pdfTeX)
\l__color_backend_stack_int=\count311
\l__pdf_internal_box=\box60
)
(./digital.aux)
\openout1 = `digital.aux'.

LaTeX Font Info:    Checking defaults for OML/cmm/m/it on input line 81.
LaTeX Font Info:    ... okay on input line 81.
LaTeX Font Info:    Checking defaults for OMS/cmsy/m/n on input line 81.
LaTeX Font Info:    ... okay on input line 81.
LaTeX Font Info:    Checking defaults for OT1/cmr/m/n on input line 81.
LaTeX Font Info:    ... okay on input line 81.
LaTeX Font Info:    Checking defaults for T1/cmr/m/n on input line 81.
LaTeX Font Info:    ... okay on input line 81.
LaTeX Font Info:    Checking defaults for TS1/cmr/m/n on input line 81.
LaTeX Font Info:    ... okay on input line 81.
LaTeX Font Info:    Checking defaults for OMX/cmex/m/n on input line 81.
LaTeX Font Info:    ... okay on input line 81.
LaTeX Font Info:    Checking defaults for U/cmr/m/n on input line 81.
LaTeX Font Info:    ... okay on input line 81.
LaTeX Font Info:    Checking defaults for PD1/pdf/m/n on input line 81.
LaTeX Font Info:    ... okay on input line 81.
LaTeX Font Info:    Checking defaults for PU/pdf/m/n on input line 81.
LaTeX Font Info:    ... okay on input line 81.

(/usr/share/texlive/texmf-dist/tex/context/base/mkii/supp-pdf.mkii
[Loading MPS to PDF converter (version 2006.09.02).]
\scratchcounter=\count312
\scratchdimen=\dimen265
\scratchbox=\box61
\nofMPsegments=\count313
\nofMParguments=\count314
\everyMPshowfont=\toks28
\MPscratchCnt=\count315
\MPscratchDim=\dimen266
\MPnumerator=\count316
\makeMPintoPDFobject=\count317
\everyMPtoPDFconversion=\toks29
) (/usr/share/texlive/texmf-dist/tex/latex/epstopdf-pkg/epstopdf-base.sty
Package: epstopdf-base 2020-01-24 v2.11 Base part for package epstopdf
Package epstopdf-base Info: Redefining graphics rule for `.eps' on input line 4
85.

(/usr/share/texlive/texmf-dist/tex/latex/latexconfig/epstopdf-sys.cfg
File: epstopdf-sys.cfg 2010/07/13 v1.3 Configuration of (r)epstopdf for TeX Liv
e
))
*geometry* driver: auto-detecting
*geometry* detected driver: pdftex
*geometry* verbose mode - [ preamble ] result:
* driver: pdftex
* paper: <default>
* layout: <same size as paper>
* layoutoffset:(h,v)=(0.0pt,0.0pt)
* modes: twoside 
* h-part:(L,W,R)=(108.405pt, 433.62001pt, 72.26999pt)
* v-part:(T,H,B)=(95.39737pt, 556.47656pt, 143.09605pt)
* \paperwidth=614.295pt
* \paperheight=794.96999pt
* \textwidth=433.62001pt
* \textheight=556.47656pt
* \oddsidemargin=36.13501pt
* \evensidemargin=0.0pt
* \topmargin=-8.74641pt
* \headheight=12.0pt
* \headsep=19.8738pt
* \topskip=12.0pt
* \footskip=30.0pt
* \marginparwidth=98.0pt
* \marginparsep=7.0pt
* \columnsep=10.0pt
* \skip\footins=10.8pt plus 4.0pt minus 2.0pt
* \hoffset=0.0pt
* \voffset=0.0pt
* \mag=1000
* \@twocolumnfalse
* \@twosidetrue
* \@mparswitchtrue
* \@reversemarginfalse
* (1in=72.27pt=25.4mm, 1cm=28.453pt)

Package hyperref Info: Link coloring ON on input line 81.
(/usr/share/texlive/texmf-dist/tex/latex/hyperref/nameref.sty
Package: nameref 2021-04-02 v2.47 Cross-referencing by name of section

(/usr/share/texlive/texmf-dist/tex/latex/refcount/refcount.sty
Package: refcount 2019/12/15 v3.6 Data extraction from label references (HO)
)
(/usr/share/texlive/texmf-dist/tex/generic/gettitlestring/gettitlestring.sty
Package: gettitlestring 2019/12/15 v1.6 Cleanup title references (HO)
)
\c@section@level=\count318
)
LaTeX Info: Redefining \ref on input line 81.
LaTeX Info: Redefining \pageref on input line 81.
LaTeX Info: Redefining \nameref on input line 81.

(./digital.out) (./digital.out)
\@outlinefile=\write3
\openout3 = `digital.out'.

Package caption Info: Begin \AtBeginDocument code.
Package caption Info: listings package is loaded.
Package caption Info: End \AtBeginDocument code.
\c@lstlisting=\count319
LaTeX Font Info:    Trying to load font information for U+msa on input line 89.


(/usr/share/texlive/texmf-dist/tex/latex/amsfonts/umsa.fd
File: umsa.fd 2013/01/14 v3.01 AMS symbols A
)
LaTeX Font Info:    Trying to load font information for U+msb on input line 89.


(/usr/share/texlive/texmf-dist/tex/latex/amsfonts/umsb.fd
File: umsb.fd 2013/01/14 v3.01 AMS symbols B
) [1


{/var/lib/texmf/fonts/map/pdftex/updmap/pdftex.map}] [2

] (./digital.toc [3])
\tf@toc=\write4
\openout4 = `digital.toc'.

pdfTeX warning (ext4): destination with the same identifier (name{page.1}) has 
been already used, duplicate ignored
<to be read again> 
                   \relax 
l.96 \chapter
             {Two Dice} [1]pdfTeX warning (ext4): destination with the same ide
ntifier (name{page.2}) has been already used, duplicate ignored
<to be read again> 
                   \relax 
l.96 \chapter
             {Two Dice} [2

]
Chapter 1.
pdfTeX warning (ext4): destination with the same identifier (name{page.3}) has 
been already used, duplicate ignored
<to be read again> 
                   \relax 
l.122 \end{align}
                  [3] [4] [5]
<./figs/1/1.1.3.png, id=176, 462.528pt x 346.896pt>
File: ./figs/1/1.1.3.png Graphic file (type png)
<use ./figs/1/1.1.3.png>
Package pdftex.def Info: ./figs/1/1.1.3.png  used on input line 272.
(pdftex.def)             Requested size: 433.62001pt x 325.23007pt.
 [6]
<./figs/1/1.1.4.pdf, id=194, 462.52798pt x 346.89601pt>
File: ./figs/1/1.1.4.pdf Graphic file (type pdf)
<use ./figs/1/1.1.4.pdf>
Package pdftex.def Info: ./figs/1/1.1.4.pdf  used on input line 287.
(pdftex.def)             Requested size: 433.62001pt x 325.23009pt.
 [7 <./figs/1/1.1.3.png>] [8 <./figs/1/1.1.4.pdf>]
Chapter 2.
<./figs/2/2.1.2.pdf, id=248, 462.52798pt x 346.89601pt>
File: ./figs/2/2.1.2.pdf Graphic file (type pdf)
<use ./figs/2/2.1.2.pdf>
Package pdftex.def Info: ./figs/2/2.1.2.pdf  used on input line 328.
(pdftex.def)             Requested size: 433.62001pt x 325.23009pt.
[9

] [10 <./figs/2/2.1.2.pdf>] [11] [12]
<./figs/2/2.2.2.pdf, id=316, 462.52798pt x 346.89601pt>
File: ./figs/2/2.2.2.pdf Graphic file (type pdf)
<use ./figs/2/2.2.2.pdf>
Package pdftex.def Info: ./figs/2/2.2.2.pdf  used on input line 439.
(pdftex.def)             Requested size: 433.62001pt x 325.23009pt.

Underfull \vbox (badness 10000) has occurred while \output is active []

 [13]
Underfull \hbox (badness 10000) in paragraph at lines 443--444

 []

[14 <./figs/2/2.2.2.pdf>]
<./figs/2/2.2.3.pdf, id=355, 462.52798pt x 346.89601pt>
File: ./figs/2/2.2.3.pdf Graphic file (type pdf)
<use ./figs/2/2.2.3.pdf>
Package pdftex.def Info: ./figs/2/2.2.3.pdf  used on input line 466.
(pdftex.def)             Requested size: 433.62001pt x 325.23009pt.
 [15 <./figs/2/2.2.3.pdf>]
Underfull \vbox (badness 5260) has occurred while \output is active []

 [16]
<./figs/2/2.2.4.pdf, id=415, 462.52798pt x 346.89601pt>
File: ./figs/2/2.2.4.pdf Graphic file (type pdf)
<use ./figs/2/2.2.4.pdf>
Package pdftex.def Info: ./figs/2/2.2.4.pdf  used on input line 533.
(pdftex.def)             Requested size: 231.26341pt x 173.44757pt.

[17]
<./figs/2/2.3.1.pdf, id=434, 462.52798pt x 346.89601pt>
File: ./figs/2/2.3.1.pdf Graphic file (type pdf)
<use ./figs/2/2.3.1.pdf>
Package pdftex.def Info: ./figs/2/2.3.1.pdf  used on input line 560.
(pdftex.def)             Requested size: 231.26341pt x 173.44757pt.
 [18 <./figs/2/2.2.4.pdf> <./figs/2/2.3.1.pdf>]
<./figs/2/2.4.2.pdf, id=520, 462.52798pt x 346.89601pt>
File: ./figs/2/2.4.2.pdf Graphic file (type pdf)
<use ./figs/2/2.4.2.pdf>
Package pdftex.def Info: ./figs/2/2.4.2.pdf  used on input line 592.
(pdftex.def)             Requested size: 433.62001pt x 325.23009pt.

Underfull \vbox (badness 2941) has occurred while \output is active []

 [19]
<./figs/2/2.4.3.pdf, id=540, 462.52798pt x 346.89601pt>
File: ./figs/2/2.4.3.pdf Graphic file (type pdf)
<use ./figs/2/2.4.3.pdf>
Package pdftex.def Info: ./figs/2/2.4.3.pdf  used on input line 606.
(pdftex.def)             Requested size: 433.62001pt x 325.23009pt.

Underfull \vbox (badness 10000) has occurred while \output is active []

 [20 <./figs/2/2.4.2.pdf>]
Underfull \vbox (badness 1629) has occurred while \output is active []

 [21 <./figs/2/2.4.3.pdf>]
<./figs/2/2.4.4a.pdf, id=626, 462.52798pt x 346.89601pt>
File: ./figs/2/2.4.4a.pdf Graphic file (type pdf)
<use ./figs/2/2.4.4a.pdf>
Package pdftex.def Info: ./figs/2/2.4.4a.pdf  used on input line 646.
(pdftex.def)             Requested size: 462.52684pt x 346.89516pt.
<./figs/2/2.4.4b.pdf, id=627, 462.52798pt x 346.89601pt>
File: ./figs/2/2.4.4b.pdf Graphic file (type pdf)
<use ./figs/2/2.4.4b.pdf>
Package pdftex.def Info: ./figs/2/2.4.4b.pdf  used on input line 652.
(pdftex.def)             Requested size: 433.62001pt x 325.23009pt.
 [22 <./figs/2/2.4.4a.pdf>] [23 <./figs/2/2.4.4b.pdf>] [24

]
Chapter 3.
[25]
<./figs/3/3.1.3.pdf, id=734, 462.52798pt x 346.89601pt>
File: ./figs/3/3.1.3.pdf Graphic file (type pdf)
<use ./figs/3/3.1.3.pdf>
Package pdftex.def Info: ./figs/3/3.1.3.pdf  used on input line 687.
(pdftex.def)             Requested size: 433.62001pt x 325.23009pt.
 [26 <./figs/3/3.1.3.pdf>]
Underfull \hbox (badness 10000) in paragraph at lines 728--729

 []

[27]
Underfull \hbox (badness 10000) in paragraph at lines 737--739

 []

[28]
<./figs/3/3.1.7.pdf, id=807, 462.52798pt x 346.89601pt>
File: ./figs/3/3.1.7.pdf Graphic file (type pdf)
<use ./figs/3/3.1.7.pdf>
Package pdftex.def Info: ./figs/3/3.1.7.pdf  used on input line 767.
(pdftex.def)             Requested size: 433.62001pt x 325.23009pt.
 [29 <./figs/3/3.1.7.pdf>] [30] [31] [32] [33] [34

]
Chapter 4.

LaTeX Warning: Reference `fig:chisq_cdfpdf' on page 35 undefined on input line 
928.

<./figs/4/4.1.1c.pdf, id=898, 722.7pt x 361.35pt>
File: ./figs/4/4.1.1c.pdf Graphic file (type pdf)
<use ./figs/4/4.1.1c.pdf>
Package pdftex.def Info: ./figs/4/4.1.1c.pdf  used on input line 936.
(pdftex.def)             Requested size: 433.62001pt x 216.81168pt.
<./figs/4/4.1.1p.pdf, id=899, 722.7pt x 361.35pt>
File: ./figs/4/4.1.1p.pdf Graphic file (type pdf)
<use ./figs/4/4.1.1p.pdf>
Package pdftex.def Info: ./figs/4/4.1.1p.pdf  used on input line 942.
(pdftex.def)             Requested size: 433.62001pt x 216.81168pt.

Underfull \vbox (badness 10000) has occurred while \output is active []

 [35]
Underfull \vbox (badness 10000) has occurred while \output is active []

 [36 <./figs/4/4.1.1c.pdf> <./figs/4/4.1.1p.pdf>]
Underfull \hbox (badness 10000) in paragraph at lines 956--959

 []


Underfull \vbox (badness 1917) has occurred while \output is active []

 [37]
Underfull \hbox (badness 10000) in paragraph at lines 996--998

 []

<./figs/4/4.1.2.pdf, id=996, 462.52798pt x 346.89601pt>
File: ./figs/4/4.1.2.pdf Graphic file (type pdf)
<use ./figs/4/4.1.2.pdf>
Package pdftex.def Info: ./figs/4/4.1.2.pdf  used on input line 1007.
(pdftex.def)             Requested size: 433.62001pt x 325.23009pt.

Underfull \vbox (badness 6047) has occurred while \output is active []

 [38]
<./figs/4/4.1.3c.pdf, id=1006, 462.52798pt x 346.89601pt>
File: ./figs/4/4.1.3c.pdf Graphic file (type pdf)
<use ./figs/4/4.1.3c.pdf>
Package pdftex.def Info: ./figs/4/4.1.3c.pdf  used on input line 1026.
(pdftex.def)             Requested size: 433.62001pt x 325.23009pt.
<./figs/4/4.1.3p.pdf, id=1007, 462.52798pt x 346.89601pt>
File: ./figs/4/4.1.3p.pdf Graphic file (type pdf)
<use ./figs/4/4.1.3p.pdf>
Package pdftex.def Info: ./figs/4/4.1.3p.pdf  used on input line 1032.
(pdftex.def)             Requested size: 433.62001pt x 325.23009pt.

[39 <./figs/4/4.1.2.pdf>]
Underfull \vbox (badness 10000) has occurred while \output is active []

 [40 <./figs/4/4.1.3c.pdf>] [41 <./figs/4/4.1.3p.pdf>]
<./figs/4/4.2.1.pdf, id=1125, 462.52798pt x 346.89601pt>
File: ./figs/4/4.2.1.pdf Graphic file (type pdf)
<use ./figs/4/4.2.1.pdf>
Package pdftex.def Info: ./figs/4/4.2.1.pdf  used on input line 1059.
(pdftex.def)             Requested size: 433.62001pt x 325.23009pt.

Underfull \vbox (badness 6876) has occurred while \output is active []

 [42 <./figs/4/4.2.1.pdf>] [43]
<./figs/4/4.2.4.pdf, id=1194, 462.52798pt x 346.89601pt>
File: ./figs/4/4.2.4.pdf Graphic file (type pdf)
<use ./figs/4/4.2.4.pdf>
Package pdftex.def Info: ./figs/4/4.2.4.pdf  used on input line 1148.
(pdftex.def)             Requested size: 433.62001pt x 325.23009pt.
 [44] [45 <./figs/4/4.2.4.pdf>] [46

]
Chapter 5.

Underfull \hbox (badness 10000) in paragraph at lines 1192--1195

 []

<./figs/5/5.1.1.pdf, id=1258, 462.52798pt x 346.89601pt>
File: ./figs/5/5.1.1.pdf Graphic file (type pdf)
<use ./figs/5/5.1.1.pdf>
Package pdftex.def Info: ./figs/5/5.1.1.pdf  used on input line 1202.
(pdftex.def)             Requested size: 433.62001pt x 325.23009pt.
[47] [48 <./figs/5/5.1.1.pdf>] [49]
Underfull \hbox (badness 10000) in paragraph at lines 1250--1252

 []

<./figs/5/5.1.3.pdf, id=1305, 462.52798pt x 346.89601pt>
File: ./figs/5/5.1.3.pdf Graphic file (type pdf)
<use ./figs/5/5.1.3.pdf>
Package pdftex.def Info: ./figs/5/5.1.3.pdf  used on input line 1259.
(pdftex.def)             Requested size: 433.62001pt x 325.23009pt.
[50 <./figs/5/5.1.3.pdf>] [51] [52

]
Chapter 6.
<./figs/6/1.pdf, id=1360, 562.1pt x 308.15125pt>
File: ./figs/6/1.pdf Graphic file (type pdf)
<use ./figs/6/1.pdf>
Package pdftex.def Info: ./figs/6/1.pdf  used on input line 1308.
(pdftex.def)             Requested size: 433.62001pt x 237.71446pt.

Underfull \vbox (badness 10000) has occurred while \output is active []

 [53]
Underfull \vbox (badness 10000) has occurred while \output is active []

 [54 <./figs/6/1.pdf>]
Underfull \hbox (badness 10000) in paragraph at lines 1344--1345

 []

[55] [56]
<./figs/6/6.1.6.pdf, id=1408, 462.52798pt x 346.89601pt>
File: ./figs/6/6.1.6.pdf Graphic file (type pdf)
<use ./figs/6/6.1.6.pdf>
Package pdftex.def Info: ./figs/6/6.1.6.pdf  used on input line 1414.
(pdftex.def)             Requested size: 433.62001pt x 325.23009pt.

Underfull \vbox (badness 10000) has occurred while \output is active []

 [57]
Underfull \vbox (badness 10000) has occurred while \output is active []

 [58 <./figs/6/6.1.6.pdf>]
<./figs/6/2.pdf, id=1462, 517.935pt x 303.1325pt>
File: ./figs/6/2.pdf Graphic file (type pdf)
<use ./figs/6/2.pdf>
Package pdftex.def Info: ./figs/6/2.pdf  used on input line 1446.
(pdftex.def)             Requested size: 433.62001pt x 253.79698pt.

Underfull \vbox (badness 10000) has occurred while \output is active []

 [59]
[60 <./figs/6/2.pdf>] [61] (./digital.aux)

LaTeX Warning: There were undefined references.

Package rerunfilecheck Info: File `digital.out' has not changed.
(rerunfilecheck)             Checksum: C685CF02BF224FED34D24D5FADB18217;2652.
 ) 
Here is how much of TeX's memory you used:
 14995 strings out of 478287
 236600 string characters out of 5849289
 544324 words of memory out of 5000000
 32658 multiletter control sequences out of 15000+600000
 480881 words of font info for 72 fonts, out of 8000000 for 9000
 1141 hyphenation exceptions out of 8191
 60i,16n,63p,399b,602s stack positions out of 5000i,500n,10000p,200000b,80000s
{/usr/share/texmf/fonts/enc/dvips/cm-super/cm-super-ts1.enc}</usr/share/texli
ve/texmf-dist/fonts/type1/public/amsfonts/cm/cmbx12.pfb></usr/share/texlive/tex
mf-dist/fonts/type1/public/amsfonts/cm/cmbx8.pfb></usr/share/texlive/texmf-dist
/fonts/type1/public/amsfonts/cm/cmcsc10.pfb></usr/share/texlive/texmf-dist/font
s/type1/public/amsfonts/cm/cmex10.pfb></usr/share/texlive/texmf-dist/fonts/type
1/public/amsfonts/cmextra/cmex8.pfb></usr/share/texlive/texmf-dist/fonts/type1/
public/amsfonts/cm/cmmi10.pfb></usr/share/texlive/texmf-dist/fonts/type1/public
/amsfonts/cm/cmmi12.pfb></usr/share/texlive/texmf-dist/fonts/type1/public/amsfo
nts/cm/cmmi6.pfb></usr/share/texlive/texmf-dist/fonts/type1/public/amsfonts/cm/
cmmi8.pfb></usr/share/texlive/texmf-dist/fonts/type1/public/amsfonts/cm/cmr10.p
fb></usr/share/texlive/texmf-dist/fonts/type1/public/amsfonts/cm/cmr12.pfb></us
r/share/texlive/texmf-dist/fonts/type1/public/amsfonts/cm/cmr17.pfb></usr/share
/texlive/texmf-dist/fonts/type1/public/amsfonts/cm/cmr6.pfb></usr/share/texlive
/texmf-dist/fonts/type1/public/amsfonts/cm/cmr8.pfb></usr/share/texlive/texmf-d
ist/fonts/type1/public/amsfonts/cm/cmsy10.pfb></usr/share/texlive/texmf-dist/fo
nts/type1/public/amsfonts/cm/cmsy6.pfb></usr/share/texlive/texmf-dist/fonts/typ
e1/public/amsfonts/cm/cmsy8.pfb></usr/share/texlive/texmf-dist/fonts/type1/publ
ic/amsfonts/cm/cmti12.pfb></usr/share/texlive/texmf-dist/fonts/type1/public/ams
fonts/symbols/msam10.pfb></usr/share/texlive/texmf-dist/fonts/type1/public/amsf
onts/symbols/msbm10.pfb></usr/share/texmf/fonts/type1/public/cm-super/sfrm1200.
pfb>
Output written on digital.pdf (64 pages, 1139438 bytes).
PDF statistics:
 1650 PDF objects out of 1728 (max. 8388607)
 921 compressed objects within 10 object streams
 315 named destinations out of 1000 (max. 500000)
 262 words of extra memory for PDF output out of 10000 (max. 10000000)

